  用于 x64 的 Microsoft (R) C/C++ 优化编译器 19.29.30154 版
  版权所有(C) Microsoft Corporation。保留所有权利。
  cl /c /D BOF /GS- /Fo"intermediary\BOF\x64\\" /external:W1 /TC /c /Fo"intermediary\BOF\x64\source" Source.c
cl : 命令行 warning D9025: 正在重写“/Fointermediary\BOF\x64\”(用“/Fointermediary\BOF\x64\source”)
  Source.c
Source.c(17): warning C4005: “stdin”: 宏重定义
  C:\Program Files (x86)\Windows Kits\10\Include\10.0.22621.0\ucrt\corecrt_wstdio.h(36): note: 参见“stdin”的前一个定义
Source.c(18): warning C4005: “stdout”: 宏重定义
  C:\Program Files (x86)\Windows Kits\10\Include\10.0.22621.0\ucrt\corecrt_wstdio.h(37): note: 参见“stdout”的前一个定义
Source.c(19): warning C4005: “stderr”: 宏重定义
  C:\Program Files (x86)\Windows Kits\10\Include\10.0.22621.0\ucrt\corecrt_wstdio.h(38): note: 参见“stderr”的前一个定义
Source.c(130): warning C4047: “==”:“__unaligned DWORD”与“void *”的间接级别不同
Source.c(130): warning C4047: “==”:“__unaligned DWORD”与“void *”的间接级别不同
Source.c(154): warning C4047: “==”:“ULONGLONG”与“void *”的间接级别不同
Source.c(226): warning C4047: “==”:“__unaligned DWORD”与“void *”的间接级别不同
Source.c(289): warning C4047: “初始化”:“SIZE_T”与“SIZE_T (__cdecl *)(HANDLE,LPDWORD)”的间接级别不同
Source.c(338): warning C4047: “=”:“ULONGLONG”与“BYTE *”的间接级别不同
Source.c(356): warning C4047: “函数”:“ULONG_PTR”与“BYTE *”的间接级别不同
Source.c(356): warning C4024: “FixIAT”: 形参和实参 1 的类型不同
Source.c(395): warning C4047: “=”:“DWORD”与“DWORD (__cdecl *)(HANDLE,DWORD)”的间接级别不同
Source.c(519): warning C4022: “MSVCRT$memcpy”: 指针与实参 1 不匹配
  复制了 0 个文件
  找不到文件 - source.obj
  . : 无法将“C:\Users\fuckmiansha\Desktop\Inline-Execute-BOF\Inline-Execute-BOF\resources\strip_bof.ps1”项识别为 cmdlet、
  函数、脚本文件或可运行程序的名称。请检查名称的拼写，如果包括路径，请确保路径正确，然后再试一次。
  所在位置 行:1 字符: 7
  + & { . 'C:\Users\fuckmiansha\Desktop\Inline-Execute-BOF\Inline-Execute ...
  +       ~~~~~~~~~~~~~~~~~~~~~~~~~~~~~~~~~~~~~~~~~~~~~~~~~~~~~~~~~~~~~~~
      + CategoryInfo          : ObjectNotFound: (C:\Users\fuckmi...s\strip_bof.ps1:String) [], CommandNotFoundException
      + FullyQualifiedErrorId : CommandNotFoundException
   
  strip-bof : 无法将“strip-bof”项识别为 cmdlet、函数、脚本文件或可运行程序的名称。请检查名称的拼写，如果包括路径，请确保路径
  正确，然后再试一次。
  所在位置 行:1 字符: 101
  + ... te-BOF\Inline-Execute-BOF\resources\strip_bof.ps1'; strip-bof -Path ' ...
  +                                                         ~~~~~~~~~
      + CategoryInfo          : ObjectNotFound: (strip-bof:String) [], CommandNotFoundException
      + FullyQualifiedErrorId : CommandNotFoundException
   
